<?xml version="1.0" encoding="UTF-8"?>
<testsuite name="seng201.team0.unittests.services.UpgradeServiceTest" tests="6" skipped="0" failures="0" errors="0" timestamp="2024-05-22T22:22:14" hostname="cs23131fw" time="0.004">
  <properties/>
  <testcase name="testSellNoInventory()" classname="seng201.team0.unittests.services.UpgradeServiceTest" time="0.001"/>
  <testcase name="testSellWrongIndices()" classname="seng201.team0.unittests.services.UpgradeServiceTest" time="0.001"/>
  <testcase name="testBuy()" classname="seng201.team0.unittests.services.UpgradeServiceTest" time="0.0"/>
  <testcase name="testSell()" classname="seng201.team0.unittests.services.UpgradeServiceTest" time="0.0"/>
  <testcase name="testBuyNoCoins()" classname="seng201.team0.unittests.services.UpgradeServiceTest" time="0.0"/>
  <testcase name="testMakeClone()" classname="seng201.team0.unittests.services.UpgradeServiceTest" time="0.0"/>
  <system-out><![CDATA[]]></system-out>
  <system-err><![CDATA[]]></system-err>
</testsuite>
